INFO:     Started server process [239806]
INFO:     Waiting for application startup.
INFO:     Application startup complete.
INFO:     Uvicorn running on http://0.0.0.0:9080 (Press CTRL+C to quit)
Warning: asyncpg not installed. Run: pip install asyncpg
[engine] DB clients disabled: No module named 'sqlalchemy'
[observability][engine] tracing disabled: No module named 'opentelemetry.exporter.otlp'
INFO:     127.0.0.1:56704 - "GET /docs HTTP/1.1" 200 OK
/home/hirokionodera/cqox-complete (Copy 2)/backend/inference/sensitivity_analysis.py:270: RuntimeWarning:

overflow encountered in scalar multiply

/home/hirokionodera/cqox-complete (Copy 2)/backend/inference/sensitivity_analysis.py:283: RuntimeWarning:

overflow encountered in scalar multiply

[server] Estimator validation: 2/7 estimators can run
[server]   ✓ tvce
[server]   ✗ ope: log_propensity
[server]   ✓ hidden
[server]   ✗ iv: z
[server]   ✗ transport: domain
[server]   ✗ proximal: w_neg, z_neg
[server]   ✗ network: cluster_id, neighbor_exposure
[server]   ✗ synthetic_control: unit_id, time
[server]   ✗ causal_forest: covariates
[server]   ✗ rd: covariates
[server]   ✗ did: unit_id, time
[server]   ✓ tvce: τ=-1475.2740 ± 46.5009 (0.40s)
[server]   ✓ hidden: τ=708.9200 ± 60.1919 (0.00s)
[server] Generated 8 matplotlib figures (fallback/additional)
[primitive] Starting generation in /home/hirokionodera/cqox-complete (Copy 2)/reports/figures/job_6644ad0b
[primitive] y=sales, t=treatment, time=None
[primitive] covariates: ['user_id', 'date', 'cost']
[primitive] Attempting distribution...
[primitive] ✅ distribution: /home/hirokionodera/cqox-complete (Copy 2)/reports/figures/job_6644ad0b/primitive_distribution.png
[primitive] Attempting scatter...
[primitive] ✅ scatter: /home/hirokionodera/cqox-complete (Copy 2)/reports/figures/job_6644ad0b/primitive_scatter.png
[primitive] Attempting heterogeneity...
[primitive] Attempting propensity...
[primitive] ✅ propensity: /home/hirokionodera/cqox-complete (Copy 2)/reports/figures/job_6644ad0b/primitive_propensity.png
[primitive] Attempting balance...
[primitive] ✅ balance: /home/hirokionodera/cqox-complete (Copy 2)/reports/figures/job_6644ad0b/primitive_balance.png
[primitive] Completed. Generated 4 figures: ['primitive_distribution', 'primitive_scatter', 'primitive_propensity', 'primitive_balance']
INFO:     127.0.0.1:56718 - "POST /api/analyze/comprehensive HTTP/1.1" 500 Internal Server Error
ERROR:    Exception in ASGI application
  + Exception Group Traceback (most recent call last):
  |   File "/home/hirokionodera/.local/lib/python3.13/site-packages/starlette/_utils.py", line 79, in collapse_excgroups
  |     yield
  |   File "/home/hirokionodera/.local/lib/python3.13/site-packages/starlette/middleware/base.py", line 183, in __call__
  |     async with anyio.create_task_group() as task_group:
  |                ~~~~~~~~~~~~~~~~~~~~~~~^^
  |   File "/home/hirokionodera/.local/lib/python3.13/site-packages/anyio/_backends/_asyncio.py", line 772, in __aexit__
  |     raise BaseExceptionGroup(
  |         "unhandled errors in a TaskGroup", self._exceptions
  |     ) from None
  | ExceptionGroup: unhandled errors in a TaskGroup (1 sub-exception)
  +-+---------------- 1 ----------------
    | Traceback (most recent call last):
    |   File "/home/hirokionodera/.local/lib/python3.13/site-packages/uvicorn/protocols/http/h11_impl.py", line 403, in run_asgi
    |     result = await app(  # type: ignore[func-returns-value]
    |              ^^^^^^^^^^^^^^^^^^^^^^^^^^^^^^^^^^^^^^^^^^^^^^
    |         self.scope, self.receive, self.send
    |         ^^^^^^^^^^^^^^^^^^^^^^^^^^^^^^^^^^^
    |     )
    |     ^
    |   File "/home/hirokionodera/.local/lib/python3.13/site-packages/uvicorn/middleware/proxy_headers.py", line 60, in __call__
    |     return await self.app(scope, receive, send)
    |            ^^^^^^^^^^^^^^^^^^^^^^^^^^^^^^^^^^^^
    |   File "/home/hirokionodera/.local/lib/python3.13/site-packages/fastapi/applications.py", line 1133, in __call__
    |     await super().__call__(scope, receive, send)
    |   File "/home/hirokionodera/.local/lib/python3.13/site-packages/starlette/applications.py", line 113, in __call__
    |     await self.middleware_stack(scope, receive, send)
    |   File "/home/hirokionodera/.local/lib/python3.13/site-packages/starlette/middleware/errors.py", line 186, in __call__
    |     raise exc
    |   File "/home/hirokionodera/.local/lib/python3.13/site-packages/starlette/middleware/errors.py", line 164, in __call__
    |     await self.app(scope, receive, _send)
    |   File "/home/hirokionodera/.local/lib/python3.13/site-packages/starlette/middleware/base.py", line 182, in __call__
    |     with recv_stream, send_stream, collapse_excgroups():
    |                                    ~~~~~~~~~~~~~~~~~~^^
    |   File "/usr/lib64/python3.13/contextlib.py", line 162, in __exit__
    |     self.gen.throw(value)
    |     ~~~~~~~~~~~~~~^^^^^^^
    |   File "/home/hirokionodera/.local/lib/python3.13/site-packages/starlette/_utils.py", line 85, in collapse_excgroups
    |     raise exc
    |   File "/home/hirokionodera/.local/lib/python3.13/site-packages/starlette/middleware/base.py", line 184, in __call__
    |     response = await self.dispatch_func(request, call_next)
    |                ^^^^^^^^^^^^^^^^^^^^^^^^^^^^^^^^^^^^^^^^^^^^
    |   File "/home/hirokionodera/cqox-complete (Copy 2)/backend/observability/metrics.py", line 262, in observability_middleware
    |     response = await call_next(request)
    |                ^^^^^^^^^^^^^^^^^^^^^^^^
    |   File "/home/hirokionodera/.local/lib/python3.13/site-packages/starlette/middleware/base.py", line 159, in call_next
    |     raise app_exc
    |   File "/home/hirokionodera/.local/lib/python3.13/site-packages/starlette/middleware/base.py", line 144, in coro
    |     await self.app(scope, receive_or_disconnect, send_no_error)
    |   File "/home/hirokionodera/.local/lib/python3.13/site-packages/starlette/middleware/exceptions.py", line 63, in __call__
    |     await wrap_app_handling_exceptions(self.app, conn)(scope, receive, send)
    |   File "/home/hirokionodera/.local/lib/python3.13/site-packages/starlette/_exception_handler.py", line 53, in wrapped_app
    |     raise exc
    |   File "/home/hirokionodera/.local/lib/python3.13/site-packages/starlette/_exception_handler.py", line 42, in wrapped_app
    |     await app(scope, receive, sender)
    |   File "/home/hirokionodera/.local/lib/python3.13/site-packages/fastapi/middleware/asyncexitstack.py", line 18, in __call__
    |     await self.app(scope, receive, send)
    |   File "/home/hirokionodera/.local/lib/python3.13/site-packages/starlette/routing.py", line 716, in __call__
    |     await self.middleware_stack(scope, receive, send)
    |   File "/home/hirokionodera/.local/lib/python3.13/site-packages/starlette/routing.py", line 736, in app
    |     await route.handle(scope, receive, send)
    |   File "/home/hirokionodera/.local/lib/python3.13/site-packages/starlette/routing.py", line 290, in handle
    |     await self.app(scope, receive, send)
    |   File "/home/hirokionodera/.local/lib/python3.13/site-packages/fastapi/routing.py", line 123, in app
    |     await wrap_app_handling_exceptions(app, request)(scope, receive, send)
    |   File "/home/hirokionodera/.local/lib/python3.13/site-packages/starlette/_exception_handler.py", line 53, in wrapped_app
    |     raise exc
    |   File "/home/hirokionodera/.local/lib/python3.13/site-packages/starlette/_exception_handler.py", line 42, in wrapped_app
    |     await app(scope, receive, sender)
    |   File "/home/hirokionodera/.local/lib/python3.13/site-packages/fastapi/routing.py", line 109, in app
    |     response = await f(request)
    |                ^^^^^^^^^^^^^^^^
    |   File "/home/hirokionodera/.local/lib/python3.13/site-packages/fastapi/routing.py", line 387, in app
    |     raw_response = await run_endpoint_function(
    |                    ^^^^^^^^^^^^^^^^^^^^^^^^^^^^
    |     ...<3 lines>...
    |     )
    |     ^
    |   File "/home/hirokionodera/.local/lib/python3.13/site-packages/fastapi/routing.py", line 288, in run_endpoint_function
    |     return await dependant.call(**values)
    |            ^^^^^^^^^^^^^^^^^^^^^^^^^^^^^^
    |   File "/home/hirokionodera/cqox-complete (Copy 2)/backend/engine/server.py", line 775, in analyze
    |     generator = ObjectiveFigureGenerator(df, mapping, objective)
    |                 ^^^^^^^^^^^^^^^^^^^^^^^^
    | UnboundLocalError: cannot access local variable 'ObjectiveFigureGenerator' where it is not associated with a value
    +------------------------------------

During handling of the above exception, another exception occurred:

Traceback (most recent call last):
  File "/home/hirokionodera/.local/lib/python3.13/site-packages/uvicorn/protocols/http/h11_impl.py", line 403, in run_asgi
    result = await app(  # type: ignore[func-returns-value]
             ^^^^^^^^^^^^^^^^^^^^^^^^^^^^^^^^^^^^^^^^^^^^^^
        self.scope, self.receive, self.send
        ^^^^^^^^^^^^^^^^^^^^^^^^^^^^^^^^^^^
    )
    ^
  File "/home/hirokionodera/.local/lib/python3.13/site-packages/uvicorn/middleware/proxy_headers.py", line 60, in __call__
    return await self.app(scope, receive, send)
           ^^^^^^^^^^^^^^^^^^^^^^^^^^^^^^^^^^^^
  File "/home/hirokionodera/.local/lib/python3.13/site-packages/fastapi/applications.py", line 1133, in __call__
    await super().__call__(scope, receive, send)
  File "/home/hirokionodera/.local/lib/python3.13/site-packages/starlette/applications.py", line 113, in __call__
    await self.middleware_stack(scope, receive, send)
  File "/home/hirokionodera/.local/lib/python3.13/site-packages/starlette/middleware/errors.py", line 186, in __call__
    raise exc
  File "/home/hirokionodera/.local/lib/python3.13/site-packages/starlette/middleware/errors.py", line 164, in __call__
    await self.app(scope, receive, _send)
  File "/home/hirokionodera/.local/lib/python3.13/site-packages/starlette/middleware/base.py", line 182, in __call__
    with recv_stream, send_stream, collapse_excgroups():
                                   ~~~~~~~~~~~~~~~~~~^^
  File "/usr/lib64/python3.13/contextlib.py", line 162, in __exit__
    self.gen.throw(value)
    ~~~~~~~~~~~~~~^^^^^^^
  File "/home/hirokionodera/.local/lib/python3.13/site-packages/starlette/_utils.py", line 85, in collapse_excgroups
    raise exc
  File "/home/hirokionodera/.local/lib/python3.13/site-packages/starlette/middleware/base.py", line 184, in __call__
    response = await self.dispatch_func(request, call_next)
               ^^^^^^^^^^^^^^^^^^^^^^^^^^^^^^^^^^^^^^^^^^^^
  File "/home/hirokionodera/cqox-complete (Copy 2)/backend/observability/metrics.py", line 262, in observability_middleware
    response = await call_next(request)
               ^^^^^^^^^^^^^^^^^^^^^^^^
  File "/home/hirokionodera/.local/lib/python3.13/site-packages/starlette/middleware/base.py", line 159, in call_next
    raise app_exc
  File "/home/hirokionodera/.local/lib/python3.13/site-packages/starlette/middleware/base.py", line 144, in coro
    await self.app(scope, receive_or_disconnect, send_no_error)
  File "/home/hirokionodera/.local/lib/python3.13/site-packages/starlette/middleware/exceptions.py", line 63, in __call__
    await wrap_app_handling_exceptions(self.app, conn)(scope, receive, send)
  File "/home/hirokionodera/.local/lib/python3.13/site-packages/starlette/_exception_handler.py", line 53, in wrapped_app
    raise exc
  File "/home/hirokionodera/.local/lib/python3.13/site-packages/starlette/_exception_handler.py", line 42, in wrapped_app
    await app(scope, receive, sender)
  File "/home/hirokionodera/.local/lib/python3.13/site-packages/fastapi/middleware/asyncexitstack.py", line 18, in __call__
    await self.app(scope, receive, send)
  File "/home/hirokionodera/.local/lib/python3.13/site-packages/starlette/routing.py", line 716, in __call__
    await self.middleware_stack(scope, receive, send)
  File "/home/hirokionodera/.local/lib/python3.13/site-packages/starlette/routing.py", line 736, in app
    await route.handle(scope, receive, send)
  File "/home/hirokionodera/.local/lib/python3.13/site-packages/starlette/routing.py", line 290, in handle
    await self.app(scope, receive, send)
  File "/home/hirokionodera/.local/lib/python3.13/site-packages/fastapi/routing.py", line 123, in app
    await wrap_app_handling_exceptions(app, request)(scope, receive, send)
  File "/home/hirokionodera/.local/lib/python3.13/site-packages/starlette/_exception_handler.py", line 53, in wrapped_app
    raise exc
  File "/home/hirokionodera/.local/lib/python3.13/site-packages/starlette/_exception_handler.py", line 42, in wrapped_app
    await app(scope, receive, sender)
  File "/home/hirokionodera/.local/lib/python3.13/site-packages/fastapi/routing.py", line 109, in app
    response = await f(request)
               ^^^^^^^^^^^^^^^^
  File "/home/hirokionodera/.local/lib/python3.13/site-packages/fastapi/routing.py", line 387, in app
    raw_response = await run_endpoint_function(
                   ^^^^^^^^^^^^^^^^^^^^^^^^^^^^
    ...<3 lines>...
    )
    ^
  File "/home/hirokionodera/.local/lib/python3.13/site-packages/fastapi/routing.py", line 288, in run_endpoint_function
    return await dependant.call(**values)
           ^^^^^^^^^^^^^^^^^^^^^^^^^^^^^^
  File "/home/hirokionodera/cqox-complete (Copy 2)/backend/engine/server.py", line 775, in analyze
    generator = ObjectiveFigureGenerator(df, mapping, objective)
                ^^^^^^^^^^^^^^^^^^^^^^^^
UnboundLocalError: cannot access local variable 'ObjectiveFigureGenerator' where it is not associated with a value
